0 silly argv {
0 silly argv   _: [ 'version' ],
0 silly argv   'conventional-commits': true,
0 silly argv   conventionalCommits: true,
0 silly argv   'conventional-graduate': true,
0 silly argv   conventionalGraduate: true,
0 silly argv   yes: true,
0 silly argv   y: true,
0 silly argv   lernaVersion: '4.0.0',
0 silly argv   '$0': 'node_modules/.bin/lerna'
0 silly argv }
1 notice cli v4.0.0
2 verbose rootPath /root/ssi
3 info current version 0.0.8
4 silly isAnythingCommitted
5 verbose isAnythingCommitted 1
6 silly getCurrentBranch
7 verbose currentBranch fix/ci
8 silly remoteBranchExists
9 silly isBehindUpstream
10 silly isBehindUpstream fix/ci is behind origin/fix/ci by 0 commit(s) and ahead by 1
11 silly hasTags
12 verbose hasTags true
13 silly git-describe.sync "v0.0.8-4-g5cecfa2" => {"lastTagName":"v0.0.8","lastVersion":"v0.0.8","refCount":"4","sha":"5cecfa2","isDirty":false}
14 warn conventional-graduate all packages
15 info Graduating all prereleased packages
16 info Looking for changed packages since v0.0.8
17 silly checking diff packages/claim-create
18 silly no diff found in @trustcerts/claim-create
19 silly checking diff packages/claim-verify
20 silly no diff found in @trustcerts/claim-verify
21 silly checking diff packages/config-cloud
22 silly no diff found in @trustcerts/config-cloud
23 silly checking diff packages/config-local
24 silly no diff found in @trustcerts/config-local
25 silly checking diff packages/core
26 silly found diff in packages/core/src/crypto/key.ts
27 verbose filtered diff [ 'packages/core/src/crypto/key.ts' ]
28 silly checking diff packages/did-id-create
29 silly no diff found in @trustcerts/did-id-create
30 silly checking diff packages/signature-create
31 silly no diff found in @trustcerts/signature-create
32 silly checking diff packages/signature-verify
33 silly no diff found in @trustcerts/signature-verify
34 silly checking diff packages/template-create
35 silly no diff found in @trustcerts/template-create
36 silly checking diff packages/template-verify
37 silly no diff found in @trustcerts/template-verify
38 silly checking diff packages/vc-create
39 silly no diff found in @trustcerts/vc-create
40 silly checking diff packages/vc-revocation
41 silly no diff found in @trustcerts/vc-revocation
42 silly checking diff packages/vc-verify
43 silly no diff found in @trustcerts/vc-verify
44 silly checking diff packages/wallet
45 silly no diff found in @trustcerts/wallet
46 verbose updated @trustcerts/claim-create
47 verbose updated @trustcerts/claim-verify
48 verbose updated @trustcerts/config-cloud
49 verbose updated @trustcerts/config-local
50 verbose updated @trustcerts/core
51 verbose updated @trustcerts/did-id-create
52 verbose updated @trustcerts/signature-create
53 verbose updated @trustcerts/signature-verify
54 verbose updated @trustcerts/template-create
55 verbose updated @trustcerts/template-verify
56 verbose updated @trustcerts/vc-create
57 verbose updated @trustcerts/vc-revocation
58 verbose updated @trustcerts/vc-verify
59 verbose updated @trustcerts/wallet
60 silly fixed for @trustcerts/claim-create at /root/ssi/packages/claim-create
61 verbose getChangelogConfig using preset "conventional-changelog-angular"
62 silly npa Result {
62 silly npa   type: 'tag',
62 silly npa   registry: true,
62 silly npa   where: undefined,
62 silly npa   raw: 'conventional-changelog-angular',
62 silly npa   name: 'conventional-changelog-angular',
62 silly npa   escapedName: 'conventional-changelog-angular',
62 silly npa   scope: undefined,
62 silly npa   rawSpec: '',
62 silly npa   saveSpec: null,
62 silly npa   fetchSpec: 'latest',
62 silly npa   gitRange: undefined,
62 silly npa   gitCommittish: undefined,
62 silly npa   hosted: undefined
62 silly npa }
63 verbose getChangelogConfig Attempting to resolve preset "conventional-changelog-angular"
64 info getChangelogConfig Successfully resolved preset "conventional-changelog-angular"
65 verbose fixed increment 0.0.8 by patch
66 silly fixed for @trustcerts/claim-verify at /root/ssi/packages/claim-verify
67 verbose fixed increment 0.0.8 by patch
68 silly fixed for @trustcerts/config-cloud at /root/ssi/packages/config-cloud
69 verbose fixed increment 0.0.8 by patch
70 silly fixed for @trustcerts/config-local at /root/ssi/packages/config-local
71 verbose fixed increment 0.0.8 by patch
72 silly fixed for @trustcerts/core at /root/ssi/packages/core
73 verbose fixed increment 0.0.8 by patch
74 silly fixed for @trustcerts/did-id-create at /root/ssi/packages/did-id-create
75 verbose fixed increment 0.0.8 by patch
76 silly fixed for @trustcerts/signature-create at /root/ssi/packages/signature-create
77 verbose fixed increment 0.0.8 by patch
78 silly fixed for @trustcerts/signature-verify at /root/ssi/packages/signature-verify
79 verbose fixed increment 0.0.8 by patch
80 silly fixed for @trustcerts/template-create at /root/ssi/packages/template-create
81 verbose fixed increment 0.0.8 by patch
82 silly fixed for @trustcerts/template-verify at /root/ssi/packages/template-verify
83 verbose fixed increment 0.0.8 by patch
84 silly fixed for @trustcerts/vc-create at /root/ssi/packages/vc-create
85 verbose fixed increment 0.0.8 by patch
86 silly fixed for @trustcerts/vc-revocation at /root/ssi/packages/vc-revocation
87 verbose fixed increment 0.0.8 by patch
88 silly fixed for @trustcerts/vc-verify at /root/ssi/packages/vc-verify
89 verbose fixed increment 0.0.8 by patch
90 silly fixed for @trustcerts/wallet at /root/ssi/packages/wallet
91 verbose fixed increment 0.0.8 by patch
92 info auto-confirmed
93 info execute Skipping releases
94 silly lifecycle No script for "preversion" in "root", continuing
95 warn ECYCLE Dependency cycles detected, you should fix these!
95 warn ECYCLE @trustcerts/claim-create -> @trustcerts/claim-verify -> @trustcerts/claim-create
95 warn ECYCLE @trustcerts/config-local -> @trustcerts/core -> @trustcerts/config-local
95 warn ECYCLE @trustcerts/did-id-create -> (nested cycle: @trustcerts/config-local -> @trustcerts/core -> @trustcerts/config-local) -> @trustcerts/did-id-create
95 warn ECYCLE (nested cycle: @trustcerts/did-id-create -> (nested cycle: @trustcerts/config-local -> @trustcerts/core -> @trustcerts/config-local) -> @trustcerts/did-id-create) -> (nested cycle: @trustcerts/did-id-create -> (nested cycle: @trustcerts/config-local -> @trustcerts/core -> @trustcerts/config-local) -> @trustcerts/did-id-create)
96 silly lifecycle No script for "preversion" in "@trustcerts/did-id-create", continuing
97 silly lifecycle No script for "preversion" in "@trustcerts/config-local", continuing
98 silly lifecycle No script for "preversion" in "@trustcerts/core", continuing
99 silly lifecycle No script for "version" in "@trustcerts/config-local", continuing
100 silly fixed for @trustcerts/config-local at /root/ssi/packages/config-local
101 silly lifecycle No script for "version" in "@trustcerts/did-id-create", continuing
102 silly fixed for @trustcerts/did-id-create at /root/ssi/packages/did-id-create
103 silly lifecycle No script for "version" in "@trustcerts/core", continuing
104 silly fixed for @trustcerts/core at /root/ssi/packages/core
105 silly fixed writing new entry: "## [0.0.9](https://github.com/trustcerts/trustchain-sdk/compare/v0.0.8...v0.0.9) (2021-11-28)\n\n**Note:** Version bump only for package @trustcerts/config-local\n\n\n\n"
106 silly fixed writing new entry: "## [0.0.9](https://github.com/trustcerts/trustchain-sdk/compare/v0.0.8...v0.0.9) (2021-11-28)\n\n**Note:** Version bump only for package @trustcerts/did-id-create\n\n\n\n"
107 silly fixed writing new entry: "## [0.0.9](https://github.com/trustcerts/trustchain-sdk/compare/v0.0.8...v0.0.9) (2021-11-28)\n\n\n### Bug Fixes\n\n* add short description ([2085ed2](https://github.com/trustcerts/trustchain-sdk/commit/2085ed2ec90c58cffbf2521985fc68666ba42c04))\n* ci ([5cecfa2](https://github.com/trustcerts/trustchain-sdk/commit/5cecfa275a685e38bd319fe28c0f00f25c51de32))\n\n\n\n"
108 verbose fixed wrote /root/ssi/packages/config-local/CHANGELOG.md
109 verbose fixed wrote /root/ssi/packages/did-id-create/CHANGELOG.md
110 verbose fixed wrote /root/ssi/packages/core/CHANGELOG.md
111 silly lifecycle No script for "preversion" in "@trustcerts/config-cloud", continuing
112 silly lifecycle No script for "preversion" in "@trustcerts/signature-create", continuing
113 silly lifecycle No script for "preversion" in "@trustcerts/template-create", continuing
114 silly lifecycle No script for "preversion" in "@trustcerts/vc-revocation", continuing
115 silly lifecycle No script for "preversion" in "@trustcerts/wallet", continuing
116 silly lifecycle No script for "version" in "@trustcerts/wallet", continuing
117 silly fixed for @trustcerts/wallet at /root/ssi/packages/wallet
118 silly lifecycle No script for "version" in "@trustcerts/vc-revocation", continuing
119 silly fixed for @trustcerts/vc-revocation at /root/ssi/packages/vc-revocation
120 silly lifecycle No script for "version" in "@trustcerts/template-create", continuing
121 silly fixed for @trustcerts/template-create at /root/ssi/packages/template-create
122 silly lifecycle No script for "version" in "@trustcerts/signature-create", continuing
123 silly fixed for @trustcerts/signature-create at /root/ssi/packages/signature-create
124 silly lifecycle No script for "version" in "@trustcerts/config-cloud", continuing
125 silly fixed for @trustcerts/config-cloud at /root/ssi/packages/config-cloud
126 silly fixed writing new entry: "## [0.0.9](https://github.com/trustcerts/trustchain-sdk/compare/v0.0.8...v0.0.9) (2021-11-28)\n\n**Note:** Version bump only for package @trustcerts/wallet\n\n\n\n"
127 silly fixed writing new entry: "## [0.0.9](https://github.com/trustcerts/trustchain-sdk/compare/v0.0.8...v0.0.9) (2021-11-28)\n\n**Note:** Version bump only for package @trustcerts/vc-revocation\n\n\n\n"
128 silly fixed writing new entry: "## [0.0.9](https://github.com/trustcerts/trustchain-sdk/compare/v0.0.8...v0.0.9) (2021-11-28)\n\n**Note:** Version bump only for package @trustcerts/template-create\n\n\n\n"
129 silly fixed writing new entry: "## [0.0.9](https://github.com/trustcerts/trustchain-sdk/compare/v0.0.8...v0.0.9) (2021-11-28)\n\n**Note:** Version bump only for package @trustcerts/signature-create\n\n\n\n"
130 verbose fixed wrote /root/ssi/packages/vc-revocation/CHANGELOG.md
131 silly lifecycle No script for "preversion" in "@trustcerts/vc-create", continuing
132 verbose fixed wrote /root/ssi/packages/wallet/CHANGELOG.md
133 verbose fixed wrote /root/ssi/packages/template-create/CHANGELOG.md
134 silly lifecycle No script for "preversion" in "@trustcerts/template-verify", continuing
135 silly fixed writing new entry: "## [0.0.9](https://github.com/trustcerts/trustchain-sdk/compare/v0.0.8...v0.0.9) (2021-11-28)\n\n**Note:** Version bump only for package @trustcerts/config-cloud\n\n\n\n"
136 verbose fixed wrote /root/ssi/packages/signature-create/CHANGELOG.md
137 silly lifecycle No script for "preversion" in "@trustcerts/signature-verify", continuing
138 verbose fixed wrote /root/ssi/packages/config-cloud/CHANGELOG.md
139 silly lifecycle No script for "version" in "@trustcerts/template-verify", continuing
140 silly fixed for @trustcerts/template-verify at /root/ssi/packages/template-verify
141 silly lifecycle No script for "version" in "@trustcerts/signature-verify", continuing
142 silly fixed for @trustcerts/signature-verify at /root/ssi/packages/signature-verify
143 silly lifecycle No script for "version" in "@trustcerts/vc-create", continuing
144 silly fixed for @trustcerts/vc-create at /root/ssi/packages/vc-create
145 silly fixed writing new entry: "## [0.0.9](https://github.com/trustcerts/trustchain-sdk/compare/v0.0.8...v0.0.9) (2021-11-28)\n\n**Note:** Version bump only for package @trustcerts/template-verify\n\n\n\n"
146 silly fixed writing new entry: "## [0.0.9](https://github.com/trustcerts/trustchain-sdk/compare/v0.0.8...v0.0.9) (2021-11-28)\n\n**Note:** Version bump only for package @trustcerts/signature-verify\n\n\n\n"
147 silly fixed writing new entry: "## [0.0.9](https://github.com/trustcerts/trustchain-sdk/compare/v0.0.8...v0.0.9) (2021-11-28)\n\n**Note:** Version bump only for package @trustcerts/vc-create\n\n\n\n"
148 verbose fixed wrote /root/ssi/packages/template-verify/CHANGELOG.md
149 verbose fixed wrote /root/ssi/packages/vc-create/CHANGELOG.md
150 silly lifecycle No script for "preversion" in "@trustcerts/vc-verify", continuing
151 verbose fixed wrote /root/ssi/packages/signature-verify/CHANGELOG.md
152 silly lifecycle No script for "preversion" in "@trustcerts/claim-create", continuing
153 silly lifecycle No script for "preversion" in "@trustcerts/claim-verify", continuing
154 silly lifecycle No script for "version" in "@trustcerts/vc-verify", continuing
155 silly fixed for @trustcerts/vc-verify at /root/ssi/packages/vc-verify
156 silly lifecycle No script for "version" in "@trustcerts/claim-verify", continuing
157 silly fixed for @trustcerts/claim-verify at /root/ssi/packages/claim-verify
158 silly lifecycle No script for "version" in "@trustcerts/claim-create", continuing
159 silly fixed for @trustcerts/claim-create at /root/ssi/packages/claim-create
160 silly fixed writing new entry: "## [0.0.9](https://github.com/trustcerts/trustchain-sdk/compare/v0.0.8...v0.0.9) (2021-11-28)\n\n**Note:** Version bump only for package @trustcerts/vc-verify\n\n\n\n"
161 silly fixed writing new entry: "## [0.0.9](https://github.com/trustcerts/trustchain-sdk/compare/v0.0.8...v0.0.9) (2021-11-28)\n\n**Note:** Version bump only for package @trustcerts/claim-verify\n\n\n\n"
162 verbose fixed wrote /root/ssi/packages/vc-verify/CHANGELOG.md
163 verbose fixed wrote /root/ssi/packages/claim-verify/CHANGELOG.md
164 silly fixed writing new entry: "## [0.0.9](https://github.com/trustcerts/trustchain-sdk/compare/v0.0.8...v0.0.9) (2021-11-28)\n\n**Note:** Version bump only for package @trustcerts/claim-create\n\n\n\n"
165 verbose fixed wrote /root/ssi/packages/claim-create/CHANGELOG.md
166 silly root for root at /root/ssi
167 silly root writing new entry: "## [0.0.9](https://github.com/trustcerts/sdk/compare/v0.0.8...v0.0.9) (2021-11-28)\n\n\n### Bug Fixes\n\n* add short description ([2085ed2](https://github.com/trustcerts/sdk/commit/2085ed2ec90c58cffbf2521985fc68666ba42c04))\n* ci ([5cecfa2](https://github.com/trustcerts/sdk/commit/5cecfa275a685e38bd319fe28c0f00f25c51de32))\n* ci fix ([3c599a2](https://github.com/trustcerts/sdk/commit/3c599a287625e5f71632ae62e61f9e17327597bc))\n* remove ci publish ([1a391ec](https://github.com/trustcerts/sdk/commit/1a391ec3e28c0839654b9862564aecf4f421dc8f))\n\n\n\n"
168 verbose root wrote /root/ssi/CHANGELOG.md
169 silly lifecycle No script for "version" in "root", continuing
170 silly gitAdd [
170 silly gitAdd   'packages/config-local/package.json',
170 silly gitAdd   'packages/config-local/package-lock.json',
170 silly gitAdd   'packages/did-id-create/package.json',
170 silly gitAdd   'packages/did-id-create/package-lock.json',
170 silly gitAdd   'packages/core/package.json',
170 silly gitAdd   'packages/core/package-lock.json',
170 silly gitAdd   'packages/config-local/CHANGELOG.md',
170 silly gitAdd   'packages/did-id-create/CHANGELOG.md',
170 silly gitAdd   'packages/core/CHANGELOG.md',
170 silly gitAdd   'packages/wallet/package.json',
170 silly gitAdd   'packages/wallet/package-lock.json',
170 silly gitAdd   'packages/vc-revocation/package.json',
170 silly gitAdd   'packages/vc-revocation/package-lock.json',
170 silly gitAdd   'packages/template-create/package.json',
170 silly gitAdd   'packages/template-create/package-lock.json',
170 silly gitAdd   'packages/signature-create/package.json',
170 silly gitAdd   'packages/signature-create/package-lock.json',
170 silly gitAdd   'packages/config-cloud/package.json',
170 silly gitAdd   'packages/config-cloud/package-lock.json',
170 silly gitAdd   'packages/vc-revocation/CHANGELOG.md',
170 silly gitAdd   'packages/wallet/CHANGELOG.md',
170 silly gitAdd   'packages/template-create/CHANGELOG.md',
170 silly gitAdd   'packages/signature-create/CHANGELOG.md',
170 silly gitAdd   'packages/config-cloud/CHANGELOG.md',
170 silly gitAdd   'packages/template-verify/package.json',
170 silly gitAdd   'packages/template-verify/package-lock.json',
170 silly gitAdd   'packages/signature-verify/package.json',
170 silly gitAdd   'packages/signature-verify/package-lock.json',
170 silly gitAdd   'packages/vc-create/package.json',
170 silly gitAdd   'packages/vc-create/package-lock.json',
170 silly gitAdd   'packages/template-verify/CHANGELOG.md',
170 silly gitAdd   'packages/vc-create/CHANGELOG.md',
170 silly gitAdd   'packages/signature-verify/CHANGELOG.md',
170 silly gitAdd   'packages/vc-verify/package.json',
170 silly gitAdd   'packages/vc-verify/package-lock.json',
170 silly gitAdd   'packages/claim-verify/package.json',
170 silly gitAdd   'packages/claim-verify/package-lock.json',
170 silly gitAdd   'packages/claim-create/package.json',
170 silly gitAdd   'packages/claim-create/package-lock.json',
170 silly gitAdd   'packages/vc-verify/CHANGELOG.md',
170 silly gitAdd   'packages/claim-verify/CHANGELOG.md',
170 silly gitAdd   'packages/claim-create/CHANGELOG.md',
170 silly gitAdd   'CHANGELOG.md',
170 silly gitAdd   'lerna.json'
170 silly gitAdd ]
171 silly gitCommit v0.0.9
172 verbose git [ 'commit', '-m', 'v0.0.9' ]
173 silly gitTag v0.0.9
174 verbose git [ 'tag', 'v0.0.9', '-m', 'v0.0.9' ]
175 error Error: Command failed with exit code 128: git tag v0.0.9 -m v0.0.9
175 error fatal: tag 'v0.0.9' already exists
175 error     at makeError (/root/ssi/node_modules/execa/lib/error.js:60:11)
175 error     at handlePromise (/root/ssi/node_modules/execa/index.js:118:26)
175 error     at runMicrotasks (<anonymous>)
175 error     at processTicksAndRejections (node:internal/process/task_queues:96:5)
175 error     at async Promise.all (index 0)
